Oct 9, 2014 6:15:30 PM org.apache.solr.servlet.SolrDispatchFilter init
INFO: SolrDispatchFilter.init()
Oct 9, 2014 6:15:30 PM org.apache.solr.core.SolrResourceLoader locateSolrHome
INFO: JNDI not configured for solr (NoInitialContextEx)
Oct 9, 2014 6:15:30 PM org.apache.solr.core.SolrResourceLoader locateSolrHome
INFO: using system property solr.solr.home: /Users/juliaclavien/Code/actionplan/solr
Oct 9, 2014 6:15:30 PM org.apache.solr.core.CoreContainer$Initializer initialize
INFO: looking for solr.xml: /Users/juliaclavien/Code/actionplan/solr/solr.xml
Oct 9, 2014 6:15:30 PM org.apache.solr.core.CoreContainer <init>
INFO: New CoreContainer 1193566899
Oct 9, 2014 6:15:30 PM org.apache.solr.core.CoreContainer load
INFO: Loading CoreContainer using Solr Home: '/Users/juliaclavien/Code/actionplan/solr/'
Oct 9, 2014 6:15:30 PM org.apache.solr.core.SolrResourceLoader <init>
INFO: new SolrResourceLoader for directory: '/Users/juliaclavien/Code/actionplan/solr/'
Oct 9, 2014 6:15:30 PM org.apache.solr.handler.component.HttpShardHandlerFactory getParameter
INFO: Setting socketTimeout to: 0
Oct 9, 2014 6:15:30 PM org.apache.solr.handler.component.HttpShardHandlerFactory getParameter
INFO: Setting urlScheme to: http://
Oct 9, 2014 6:15:30 PM org.apache.solr.handler.component.HttpShardHandlerFactory getParameter
INFO: Setting connTimeout to: 0
Oct 9, 2014 6:15:30 PM org.apache.solr.handler.component.HttpShardHandlerFactory getParameter
INFO: Setting maxConnectionsPerHost to: 20
Oct 9, 2014 6:15:30 PM org.apache.solr.handler.component.HttpShardHandlerFactory getParameter
INFO: Setting corePoolSize to: 0
Oct 9, 2014 6:15:30 PM org.apache.solr.handler.component.HttpShardHandlerFactory getParameter
INFO: Setting maximumPoolSize to: 2147483647
Oct 9, 2014 6:15:30 PM org.apache.solr.handler.component.HttpShardHandlerFactory getParameter
INFO: Setting maxThreadIdleTime to: 5
Oct 9, 2014 6:15:30 PM org.apache.solr.handler.component.HttpShardHandlerFactory getParameter
INFO: Setting sizeOfQueue to: -1
Oct 9, 2014 6:15:30 PM org.apache.solr.handler.component.HttpShardHandlerFactory getParameter
INFO: Setting fairnessPolicy to: false
Oct 9, 2014 6:15:30 PM org.apache.solr.client.solrj.impl.HttpClientUtil createClient
INFO: Creating new http client, config:maxConnectionsPerHost=20&maxConnections=10000&socketTimeout=0&connTimeout=0&retry=false
Oct 9, 2014 6:15:30 PM org.apache.solr.core.CoreContainer load
INFO: Registering Log Listener
Oct 9, 2014 6:15:30 PM org.apache.solr.core.CoreContainer create
INFO: Creating SolrCore 'default' using instanceDir: /Users/juliaclavien/Code/actionplan/solr/.
Oct 9, 2014 6:15:30 PM org.apache.solr.core.SolrResourceLoader <init>
INFO: new SolrResourceLoader for directory: '/Users/juliaclavien/Code/actionplan/solr/./'
Oct 9, 2014 6:15:30 PM org.apache.solr.core.CoreContainer create
INFO: Creating SolrCore 'development' using instanceDir: /Users/juliaclavien/Code/actionplan/solr/.
Oct 9, 2014 6:15:30 PM org.apache.solr.core.SolrResourceLoader <init>
INFO: new SolrResourceLoader for directory: '/Users/juliaclavien/Code/actionplan/solr/./'
Oct 9, 2014 6:15:30 PM org.apache.solr.core.CoreContainer create
INFO: Creating SolrCore 'test' using instanceDir: /Users/juliaclavien/Code/actionplan/solr/.
Oct 9, 2014 6:15:30 PM org.apache.solr.core.SolrResourceLoader <init>
INFO: new SolrResourceLoader for directory: '/Users/juliaclavien/Code/actionplan/solr/./'
Oct 9, 2014 6:15:30 PM org.apache.solr.core.SolrConfig <init>
INFO: Using Lucene MatchVersion: LUCENE_41
Oct 9, 2014 6:15:30 PM org.apache.solr.core.SolrConfig <init>
INFO: Using Lucene MatchVersion: LUCENE_41
Oct 9, 2014 6:15:30 PM org.apache.solr.core.SolrConfig <init>
INFO: Using Lucene MatchVersion: LUCENE_41
Oct 9, 2014 6:15:30 PM org.apache.solr.core.SolrConfig <init>
INFO: Loaded SolrConfig: solrconfig.xml
Oct 9, 2014 6:15:30 PM org.apache.solr.core.SolrConfig <init>
INFO: Loaded SolrConfig: solrconfig.xml
Oct 9, 2014 6:15:30 PM org.apache.solr.core.SolrConfig <init>
INFO: Loaded SolrConfig: solrconfig.xml
Oct 9, 2014 6:15:30 PM org.apache.solr.schema.IndexSchema readSchema
INFO: Reading Solr Schema
Oct 9, 2014 6:15:30 PM org.apache.solr.schema.IndexSchema readSchema
INFO: Reading Solr Schema
Oct 9, 2014 6:15:30 PM org.apache.solr.schema.IndexSchema readSchema
INFO: Reading Solr Schema
Oct 9, 2014 6:15:30 PM org.apache.solr.schema.IndexSchema readSchema
INFO: Schema name=sunspot
Oct 9, 2014 6:15:30 PM org.apache.solr.schema.IndexSchema readSchema
INFO: Schema name=sunspot
Oct 9, 2014 6:15:30 PM org.apache.solr.schema.IndexSchema readSchema
INFO: Schema name=sunspot
Oct 9, 2014 6:15:30 PM org.apache.solr.schema.IndexSchema readSchema
INFO: default search field in schema is text
Oct 9, 2014 6:15:30 PM org.apache.solr.schema.IndexSchema readSchema
INFO: default search field in schema is text
Oct 9, 2014 6:15:30 PM org.apache.solr.schema.IndexSchema readSchema
INFO: query parser default operator is AND
Oct 9, 2014 6:15:30 PM org.apache.solr.schema.IndexSchema readSchema
INFO: query parser default operator is AND
Oct 9, 2014 6:15:30 PM org.apache.solr.schema.IndexSchema readSchema
INFO: default search field in schema is text
Oct 9, 2014 6:15:30 PM org.apache.solr.schema.IndexSchema readSchema
INFO: unique key field: id
Oct 9, 2014 6:15:30 PM org.apache.solr.schema.IndexSchema readSchema
INFO: unique key field: id
Oct 9, 2014 6:15:30 PM org.apache.solr.schema.IndexSchema readSchema
INFO: query parser default operator is AND
Oct 9, 2014 6:15:30 PM org.apache.solr.schema.IndexSchema readSchema
INFO: unique key field: id
Oct 9, 2014 6:15:30 PM org.apache.solr.core.SolrCore <init>
INFO: [test] Opening new SolrCore at /Users/juliaclavien/Code/actionplan/solr/./, dataDir=/Users/juliaclavien/Code/actionplan/solr/./test/data/
Oct 9, 2014 6:15:30 PM org.apache.solr.core.SolrCore <init>
INFO: [default] Opening new SolrCore at /Users/juliaclavien/Code/actionplan/solr/./, dataDir=/Users/juliaclavien/Code/actionplan/solr/./default/data/
Oct 9, 2014 6:15:30 PM org.apache.solr.core.SolrCore <init>
INFO: [development] Opening new SolrCore at /Users/juliaclavien/Code/actionplan/solr/./, dataDir=/Users/juliaclavien/Code/actionplan/solr/./development/data/
Oct 9, 2014 6:15:30 PM org.apache.solr.core.SolrCore <init>
INFO: JMX monitoring not detected for core: default
Oct 9, 2014 6:15:30 PM org.apache.solr.core.SolrCore <init>
INFO: JMX monitoring not detected for core: test
Oct 9, 2014 6:15:30 PM org.apache.solr.core.SolrCore <init>
INFO: JMX monitoring not detected for core: development
Oct 9, 2014 6:15:30 PM org.apache.solr.core.SolrCore initDirectoryFactory
INFO: solr.NRTCachingDirectoryFactory
Oct 9, 2014 6:15:30 PM org.apache.solr.core.SolrCore initDirectoryFactory
INFO: solr.NRTCachingDirectoryFactory
Oct 9, 2014 6:15:30 PM org.apache.solr.core.SolrCore initDirectoryFactory
INFO: solr.NRTCachingDirectoryFactory
Oct 9, 2014 6:15:30 PM org.apache.solr.core.CachingDirectoryFactory get
INFO: return new directory for /Users/juliaclavien/Code/actionplan/solr/./development/data forceNew: false
Oct 9, 2014 6:15:30 PM org.apache.solr.core.CachingDirectoryFactory get
INFO: return new directory for /Users/juliaclavien/Code/actionplan/solr/./test/data forceNew: false
Oct 9, 2014 6:15:30 PM org.apache.solr.core.CachingDirectoryFactory get
INFO: return new directory for /Users/juliaclavien/Code/actionplan/solr/./default/data forceNew: false
Oct 9, 2014 6:15:30 PM org.apache.solr.core.SolrCore getNewIndexDir
INFO: New index directory detected: old=null new=/Users/juliaclavien/Code/actionplan/solr/./test/data/index/
Oct 9, 2014 6:15:30 PM org.apache.solr.core.SolrCore getNewIndexDir
INFO: New index directory detected: old=null new=/Users/juliaclavien/Code/actionplan/solr/./development/data/index/
Oct 9, 2014 6:15:30 PM org.apache.solr.core.SolrCore getNewIndexDir
INFO: New index directory detected: old=null new=/Users/juliaclavien/Code/actionplan/solr/./default/data/index/
Oct 9, 2014 6:15:30 PM org.apache.solr.core.SolrCore initIndex
WARNING: [development] Solr index directory '/Users/juliaclavien/Code/actionplan/solr/./development/data/index' doesn't exist. Creating new index...
Oct 9, 2014 6:15:30 PM org.apache.solr.core.SolrCore initIndex
WARNING: [default] Solr index directory '/Users/juliaclavien/Code/actionplan/solr/./default/data/index' doesn't exist. Creating new index...
Oct 9, 2014 6:15:30 PM org.apache.solr.core.SolrCore initIndex
WARNING: [test] Solr index directory '/Users/juliaclavien/Code/actionplan/solr/./test/data/index' doesn't exist. Creating new index...
Oct 9, 2014 6:15:30 PM org.apache.solr.core.CachingDirectoryFactory get
INFO: return new directory for /Users/juliaclavien/Code/actionplan/solr/./development/data/index forceNew: false
Oct 9, 2014 6:15:30 PM org.apache.solr.core.CachingDirectoryFactory get
INFO: return new directory for /Users/juliaclavien/Code/actionplan/solr/./test/data/index forceNew: false
Oct 9, 2014 6:15:30 PM org.apache.solr.core.CachingDirectoryFactory get
INFO: return new directory for /Users/juliaclavien/Code/actionplan/solr/./default/data/index forceNew: false
Oct 9, 2014 6:15:31 PM org.apache.solr.core.SolrDeletionPolicy onCommit
INFO: SolrDeletionPolicy.onCommit: commits:num=1
	commit{dir=NRTCachingDirectory(org.apache.lucene.store.NIOFSDirectory@/Users/juliaclavien/Code/actionplan/solr/default/data/index lockFactory=org.apache.lucene.store.NativeFSLockFactory@256f8834; maxCacheMB=48.0 maxMergeSizeMB=4.0),segFN=segments_1,generation=1,filenames=[segments_1]
Oct 9, 2014 6:15:31 PM org.apache.solr.core.SolrDeletionPolicy onCommit
INFO: SolrDeletionPolicy.onCommit: commits:num=1
	commit{dir=NRTCachingDirectory(org.apache.lucene.store.NIOFSDirectory@/Users/juliaclavien/Code/actionplan/solr/test/data/index lockFactory=org.apache.lucene.store.NativeFSLockFactory@66869470; maxCacheMB=48.0 maxMergeSizeMB=4.0),segFN=segments_1,generation=1,filenames=[segments_1]
Oct 9, 2014 6:15:31 PM org.apache.solr.core.SolrDeletionPolicy onCommit
INFO: SolrDeletionPolicy.onCommit: commits:num=1
	commit{dir=NRTCachingDirectory(org.apache.lucene.store.NIOFSDirectory@/Users/juliaclavien/Code/actionplan/solr/development/data/index lockFactory=org.apache.lucene.store.NativeFSLockFactory@d7b79a6; maxCacheMB=48.0 maxMergeSizeMB=4.0),segFN=segments_1,generation=1,filenames=[segments_1]
Oct 9, 2014 6:15:31 PM org.apache.solr.core.SolrDeletionPolicy updateCommits
INFO: newest commit = 1[segments_1]
Oct 9, 2014 6:15:31 PM org.apache.solr.core.SolrDeletionPolicy updateCommits
INFO: newest commit = 1[segments_1]
Oct 9, 2014 6:15:31 PM org.apache.solr.core.SolrDeletionPolicy updateCommits
INFO: newest commit = 1[segments_1]
Oct 9, 2014 6:15:31 PM org.apache.solr.core.RequestHandlers initHandlersFromConfig
INFO: created /select: solr.SearchHandler
Oct 9, 2014 6:15:31 PM org.apache.solr.core.RequestHandlers initHandlersFromConfig
INFO: created /query: solr.SearchHandler
Oct 9, 2014 6:15:31 PM org.apache.solr.core.RequestHandlers initHandlersFromConfig
INFO: created /select: solr.SearchHandler
Oct 9, 2014 6:15:31 PM org.apache.solr.core.RequestHandlers initHandlersFromConfig
INFO: created /query: solr.SearchHandler
Oct 9, 2014 6:15:31 PM org.apache.solr.core.RequestHandlers initHandlersFromConfig
INFO: created /select: solr.SearchHandler
Oct 9, 2014 6:15:31 PM org.apache.solr.core.RequestHandlers initHandlersFromConfig
INFO: created /get: solr.RealTimeGetHandler
Oct 9, 2014 6:15:31 PM org.apache.solr.core.RequestHandlers initHandlersFromConfig
INFO: created /get: solr.RealTimeGetHandler
Oct 9, 2014 6:15:31 PM org.apache.solr.core.RequestHandlers initHandlersFromConfig
INFO: created /query: solr.SearchHandler
Oct 9, 2014 6:15:31 PM org.apache.solr.core.RequestHandlers initHandlersFromConfig
INFO: created /get: solr.RealTimeGetHandler
Oct 9, 2014 6:15:31 PM org.apache.solr.core.RequestHandlers initHandlersFromConfig
INFO: created /update: solr.UpdateRequestHandler
Oct 9, 2014 6:15:31 PM org.apache.solr.core.RequestHandlers initHandlersFromConfig
INFO: created /update: solr.UpdateRequestHandler
Oct 9, 2014 6:15:31 PM org.apache.solr.core.RequestHandlers initHandlersFromConfig
INFO: created /update: solr.UpdateRequestHandler
Oct 9, 2014 6:15:31 PM org.apache.solr.core.RequestHandlers initHandlersFromConfig
INFO: created /update/json: solr.JsonUpdateRequestHandler
Oct 9, 2014 6:15:31 PM org.apache.solr.core.RequestHandlers initHandlersFromConfig
INFO: created /update/json: solr.JsonUpdateRequestHandler
Oct 9, 2014 6:15:31 PM org.apache.solr.core.RequestHandlers initHandlersFromConfig
INFO: created /update/json: solr.JsonUpdateRequestHandler
Oct 9, 2014 6:15:31 PM org.apache.solr.core.RequestHandlers initHandlersFromConfig
INFO: created /update/csv: solr.CSVRequestHandler
Oct 9, 2014 6:15:31 PM org.apache.solr.core.RequestHandlers initHandlersFromConfig
INFO: adding lazy requestHandler: solr.extraction.ExtractingRequestHandler
Oct 9, 2014 6:15:31 PM org.apache.solr.core.RequestHandlers initHandlersFromConfig
INFO: created /update/extract: solr.extraction.ExtractingRequestHandler
Oct 9, 2014 6:15:31 PM org.apache.solr.core.RequestHandlers initHandlersFromConfig
INFO: adding lazy requestHandler: solr.FieldAnalysisRequestHandler
Oct 9, 2014 6:15:31 PM org.apache.solr.core.RequestHandlers initHandlersFromConfig
INFO: created /analysis/field: solr.FieldAnalysisRequestHandler
Oct 9, 2014 6:15:31 PM org.apache.solr.core.RequestHandlers initHandlersFromConfig
INFO: adding lazy requestHandler: solr.DocumentAnalysisRequestHandler
Oct 9, 2014 6:15:31 PM org.apache.solr.core.RequestHandlers initHandlersFromConfig
INFO: created /analysis/document: solr.DocumentAnalysisRequestHandler
Oct 9, 2014 6:15:31 PM org.apache.solr.core.RequestHandlers initHandlersFromConfig
INFO: created /update/csv: solr.CSVRequestHandler
Oct 9, 2014 6:15:31 PM org.apache.solr.core.RequestHandlers initHandlersFromConfig
INFO: created /update/csv: solr.CSVRequestHandler
Oct 9, 2014 6:15:31 PM org.apache.solr.core.RequestHandlers initHandlersFromConfig
INFO: adding lazy requestHandler: solr.extraction.ExtractingRequestHandler
Oct 9, 2014 6:15:31 PM org.apache.solr.core.RequestHandlers initHandlersFromConfig
INFO: adding lazy requestHandler: solr.extraction.ExtractingRequestHandler
Oct 9, 2014 6:15:31 PM org.apache.solr.core.RequestHandlers initHandlersFromConfig
INFO: created /update/extract: solr.extraction.ExtractingRequestHandler
Oct 9, 2014 6:15:31 PM org.apache.solr.core.RequestHandlers initHandlersFromConfig
INFO: created /update/extract: solr.extraction.ExtractingRequestHandler
Oct 9, 2014 6:15:31 PM org.apache.solr.core.RequestHandlers initHandlersFromConfig
INFO: adding lazy requestHandler: solr.FieldAnalysisRequestHandler
Oct 9, 2014 6:15:31 PM org.apache.solr.core.RequestHandlers initHandlersFromConfig
INFO: adding lazy requestHandler: solr.FieldAnalysisRequestHandler
Oct 9, 2014 6:15:31 PM org.apache.solr.core.RequestHandlers initHandlersFromConfig
INFO: created /analysis/field: solr.FieldAnalysisRequestHandler
Oct 9, 2014 6:15:31 PM org.apache.solr.core.RequestHandlers initHandlersFromConfig
INFO: created /analysis/field: solr.FieldAnalysisRequestHandler
Oct 9, 2014 6:15:31 PM org.apache.solr.core.RequestHandlers initHandlersFromConfig
INFO: adding lazy requestHandler: solr.DocumentAnalysisRequestHandler
Oct 9, 2014 6:15:31 PM org.apache.solr.core.RequestHandlers initHandlersFromConfig
INFO: adding lazy requestHandler: solr.DocumentAnalysisRequestHandler
Oct 9, 2014 6:15:31 PM org.apache.solr.core.RequestHandlers initHandlersFromConfig
INFO: created /analysis/document: solr.DocumentAnalysisRequestHandler
Oct 9, 2014 6:15:31 PM org.apache.solr.core.RequestHandlers initHandlersFromConfig
INFO: created /analysis/document: solr.DocumentAnalysisRequestHandler
Oct 9, 2014 6:15:31 PM org.apache.solr.core.RequestHandlers initHandlersFromConfig
INFO: created /admin/ping: solr.PingRequestHandler
Oct 9, 2014 6:15:31 PM org.apache.solr.core.RequestHandlers initHandlersFromConfig
INFO: created /debug/dump: solr.DumpRequestHandler
Oct 9, 2014 6:15:31 PM org.apache.solr.core.RequestHandlers initHandlersFromConfig
INFO: created /admin/ping: solr.PingRequestHandler
Oct 9, 2014 6:15:31 PM org.apache.solr.core.RequestHandlers initHandlersFromConfig
INFO: created /admin/ping: solr.PingRequestHandler
Oct 9, 2014 6:15:31 PM org.apache.solr.core.RequestHandlers initHandlersFromConfig
INFO: created /debug/dump: solr.DumpRequestHandler
Oct 9, 2014 6:15:31 PM org.apache.solr.core.RequestHandlers initHandlersFromConfig
INFO: created /debug/dump: solr.DumpRequestHandler
Oct 9, 2014 6:15:31 PM org.apache.solr.core.RequestHandlers initHandlersFromConfig
INFO: created /replication: solr.ReplicationHandler
Oct 9, 2014 6:15:31 PM org.apache.solr.core.RequestHandlers initHandlersFromConfig
INFO: created /replication: solr.ReplicationHandler
Oct 9, 2014 6:15:31 PM org.apache.solr.core.RequestHandlers initHandlersFromConfig
INFO: created /replication: solr.ReplicationHandler
Oct 9, 2014 6:15:31 PM org.apache.solr.core.RequestHandlers initHandlersFromConfig
INFO: created /mlt: solr.MoreLikeThisHandler
Oct 9, 2014 6:15:31 PM org.apache.solr.core.RequestHandlers initHandlersFromConfig
INFO: created /mlt: solr.MoreLikeThisHandler
Oct 9, 2014 6:15:31 PM org.apache.solr.core.RequestHandlers initHandlersFromConfig
INFO: created /mlt: solr.MoreLikeThisHandler
Oct 9, 2014 6:15:31 PM org.apache.solr.core.RequestHandlers initHandlersFromConfig
INFO: created /admin/: solr.admin.AdminHandlers
Oct 9, 2014 6:15:31 PM org.apache.solr.core.RequestHandlers initHandlersFromConfig
INFO: created /admin/: solr.admin.AdminHandlers
Oct 9, 2014 6:15:31 PM org.apache.solr.core.RequestHandlers initHandlersFromConfig
INFO: created /admin/: solr.admin.AdminHandlers
Oct 9, 2014 6:15:31 PM org.apache.solr.handler.loader.XMLLoader init
INFO: xsltCacheLifetimeSeconds=60
Oct 9, 2014 6:15:31 PM org.apache.solr.handler.loader.XMLLoader init
INFO: xsltCacheLifetimeSeconds=60
Oct 9, 2014 6:15:31 PM org.apache.solr.handler.loader.XMLLoader init
INFO: xsltCacheLifetimeSeconds=60
Oct 9, 2014 6:15:31 PM org.apache.solr.handler.loader.XMLLoader init
INFO: xsltCacheLifetimeSeconds=60
Oct 9, 2014 6:15:31 PM org.apache.solr.handler.loader.XMLLoader init
INFO: xsltCacheLifetimeSeconds=60
Oct 9, 2014 6:15:31 PM org.apache.solr.handler.loader.XMLLoader init
INFO: xsltCacheLifetimeSeconds=60
Oct 9, 2014 6:15:31 PM org.apache.solr.handler.loader.XMLLoader init
INFO: xsltCacheLifetimeSeconds=60
Oct 9, 2014 6:15:31 PM org.apache.solr.handler.loader.XMLLoader init
INFO: xsltCacheLifetimeSeconds=60
Oct 9, 2014 6:15:31 PM org.apache.solr.handler.loader.XMLLoader init
INFO: xsltCacheLifetimeSeconds=60
Oct 9, 2014 6:15:31 PM org.apache.solr.search.SolrIndexSearcher <init>
INFO: Opening Searcher@2143ed74 main
Oct 9, 2014 6:15:31 PM org.apache.solr.search.SolrIndexSearcher <init>
INFO: Opening Searcher@7816fcc4 main
Oct 9, 2014 6:15:31 PM org.apache.solr.search.SolrIndexSearcher <init>
INFO: Opening Searcher@729a6bbb main
Oct 9, 2014 6:15:31 PM org.apache.solr.update.CommitTracker <init>
INFO: Hard AutoCommit: if uncommited for 15000ms; 
Oct 9, 2014 6:15:31 PM org.apache.solr.update.CommitTracker <init>
INFO: Hard AutoCommit: if uncommited for 15000ms; 
Oct 9, 2014 6:15:31 PM org.apache.solr.update.CommitTracker <init>
INFO: Hard AutoCommit: if uncommited for 15000ms; 
Oct 9, 2014 6:15:31 PM org.apache.solr.update.CommitTracker <init>
INFO: Soft AutoCommit: if uncommited for 5000ms; 
Oct 9, 2014 6:15:31 PM org.apache.solr.update.CommitTracker <init>
INFO: Soft AutoCommit: if uncommited for 5000ms; 
Oct 9, 2014 6:15:31 PM org.apache.solr.update.CommitTracker <init>
INFO: Soft AutoCommit: if uncommited for 5000ms; 
Oct 9, 2014 6:15:31 PM org.apache.solr.handler.component.SpellCheckComponent inform
INFO: Initializing spell checkers
Oct 9, 2014 6:15:31 PM org.apache.solr.handler.component.SpellCheckComponent inform
INFO: Initializing spell checkers
Oct 9, 2014 6:15:31 PM org.apache.solr.handler.component.SpellCheckComponent inform
INFO: Initializing spell checkers
Oct 9, 2014 6:15:31 PM org.apache.solr.spelling.DirectSolrSpellChecker init
INFO: init: {name=default,field=name,classname=solr.DirectSolrSpellChecker,distanceMeasure=internal,accuracy=0.5,maxEdits=2,minPrefix=1,maxInspections=5,minQueryLength=4,maxQueryFrequency=0.01}
Oct 9, 2014 6:15:31 PM org.apache.solr.spelling.DirectSolrSpellChecker init
INFO: init: {name=default,field=name,classname=solr.DirectSolrSpellChecker,distanceMeasure=internal,accuracy=0.5,maxEdits=2,minPrefix=1,maxInspections=5,minQueryLength=4,maxQueryFrequency=0.01}
Oct 9, 2014 6:15:31 PM org.apache.solr.spelling.DirectSolrSpellChecker init
INFO: init: {name=default,field=name,classname=solr.DirectSolrSpellChecker,distanceMeasure=internal,accuracy=0.5,maxEdits=2,minPrefix=1,maxInspections=5,minQueryLength=4,maxQueryFrequency=0.01}
Oct 9, 2014 6:15:31 PM org.apache.solr.handler.component.SpellCheckComponent inform
INFO: No queryConverter defined, using default converter
Oct 9, 2014 6:15:31 PM org.apache.solr.handler.component.SpellCheckComponent inform
INFO: No queryConverter defined, using default converter
Oct 9, 2014 6:15:31 PM org.apache.solr.handler.component.SpellCheckComponent inform
INFO: No queryConverter defined, using default converter
Oct 9, 2014 6:15:31 PM org.apache.solr.handler.ReplicationHandler inform
INFO: Commits will be reserved for  10000
Oct 9, 2014 6:15:31 PM org.apache.solr.handler.ReplicationHandler inform
INFO: Commits will be reserved for  10000
Oct 9, 2014 6:15:31 PM org.apache.solr.handler.ReplicationHandler inform
INFO: Commits will be reserved for  10000
Oct 9, 2014 6:15:31 PM org.apache.solr.core.SolrCore registerSearcher
INFO: [test] Registered new searcher Searcher@729a6bbb main{StandardDirectoryReader(segments_1:1)}
Oct 9, 2014 6:15:31 PM org.apache.solr.core.SolrCore registerSearcher
INFO: [development] Registered new searcher Searcher@7816fcc4 main{StandardDirectoryReader(segments_1:1)}
Oct 9, 2014 6:15:31 PM org.apache.solr.core.SolrCore registerSearcher
INFO: [default] Registered new searcher Searcher@2143ed74 main{StandardDirectoryReader(segments_1:1)}
Oct 9, 2014 6:15:31 PM org.apache.solr.core.CoreContainer registerCore
INFO: registering core: development
Oct 9, 2014 6:15:31 PM org.apache.solr.core.CoreContainer registerCore
INFO: registering core: test
Oct 9, 2014 6:15:31 PM org.apache.solr.core.CoreContainer registerCore
INFO: registering core: default
Oct 9, 2014 6:15:31 PM org.apache.solr.servlet.SolrDispatchFilter init
INFO: user.dir=/Users/juliaclavien/.rvm/gems/ruby-2.1.2/gems/sunspot_solr-2.1.1/solr
Oct 9, 2014 6:15:31 PM org.apache.solr.servlet.SolrDispatchFilter init
INFO: SolrDispatchFilter.init() done
Oct 9, 2014 6:31:13 PM org.apache.solr.core.SolrDeletionPolicy onInit
INFO: SolrDeletionPolicy.onInit: commits:num=1
	commit{dir=NRTCachingDirectory(org.apache.lucene.store.NIOFSDirectory@/Users/juliaclavien/Code/actionplan/solr/development/data/index lockFactory=org.apache.lucene.store.NativeFSLockFactory@d7b79a6; maxCacheMB=48.0 maxMergeSizeMB=4.0),segFN=segments_1,generation=1,filenames=[segments_1]
Oct 9, 2014 6:31:13 PM org.apache.solr.core.SolrDeletionPolicy updateCommits
INFO: newest commit = 1[segments_1]
Oct 9, 2014 6:31:13 PM org.apache.solr.search.SolrIndexSearcher <init>
INFO: Opening Searcher@30227d4e realtime
Oct 9, 2014 6:31:13 PM org.apache.solr.update.processor.LogUpdateProcessor finish
INFO: [development] webapp=/solr path=/update params={wt=ruby} {deleteByQuery=type:Plan (-1481469983584157696)} 0 71
Oct 9, 2014 6:31:13 PM org.apache.solr.update.processor.LogUpdateProcessor finish
INFO: [development] webapp=/solr path=/update params={wt=ruby} {add=[Plan 19 (1481469983658606592), Plan 20 (1481469983677480960), Plan 21 (1481469983678529536), Plan 23 (1481469983679578112), Plan 24 (1481469983680626688), Plan 25 (1481469983680626689), Plan 26 (1481469983681675264), Plan 27 (1481469983682723840), Plan 28 (1481469983682723841), Plan 29 (1481469983683772416), ... (18 adds)]} 0 30
Oct 9, 2014 6:31:13 PM org.apache.solr.update.DirectUpdateHandler2 commit
INFO: start commit{,optimize=false,openSearcher=true,waitSearcher=true,expungeDeletes=false,softCommit=false,prepareCommit=false}
Oct 9, 2014 6:31:14 PM org.apache.solr.core.SolrDeletionPolicy onCommit
INFO: SolrDeletionPolicy.onCommit: commits:num=2
	commit{dir=NRTCachingDirectory(org.apache.lucene.store.NIOFSDirectory@/Users/juliaclavien/Code/actionplan/solr/development/data/index lockFactory=org.apache.lucene.store.NativeFSLockFactory@d7b79a6; maxCacheMB=48.0 maxMergeSizeMB=4.0),segFN=segments_1,generation=1,filenames=[segments_1]
	commit{dir=NRTCachingDirectory(org.apache.lucene.store.NIOFSDirectory@/Users/juliaclavien/Code/actionplan/solr/development/data/index lockFactory=org.apache.lucene.store.NativeFSLockFactory@d7b79a6; maxCacheMB=48.0 maxMergeSizeMB=4.0),segFN=segments_2,generation=2,filenames=[_0.fnm, _0_Lucene41_0.doc, _0_Lucene41_0.pos, _0.nvd, segments_2, _0.fdx, _0.si, _0.nvm, _0_Lucene41_0.tim, _0.fdt, _0_Lucene41_0.tip]
Oct 9, 2014 6:31:14 PM org.apache.solr.core.SolrDeletionPolicy updateCommits
INFO: newest commit = 2[_0.fnm, _0_Lucene41_0.doc, _0_Lucene41_0.pos, _0.nvd, segments_2, _0.fdx, _0.si, _0.nvm, _0_Lucene41_0.tim, _0.fdt, _0_Lucene41_0.tip]
Oct 9, 2014 6:31:14 PM org.apache.solr.search.SolrIndexSearcher <init>
INFO: Opening Searcher@29747e0f main
Oct 9, 2014 6:31:14 PM org.apache.solr.update.DirectUpdateHandler2 commit
INFO: end_commit_flush
Oct 9, 2014 6:31:14 PM org.apache.solr.core.SolrCore registerSearcher
INFO: [development] Registered new searcher Searcher@29747e0f main{StandardDirectoryReader(segments_2:3:nrt _0(4.2):C18)}
Oct 9, 2014 6:31:14 PM org.apache.solr.update.processor.LogUpdateProcessor finish
INFO: [development] webapp=/solr path=/update params={wt=ruby} {commit=} 0 47
Oct 9, 2014 6:32:09 PM org.apache.solr.search.SolrIndexSearcher <init>
INFO: Opening Searcher@51df3082 realtime
Oct 9, 2014 6:32:09 PM org.apache.solr.update.processor.LogUpdateProcessor finish
INFO: [development] webapp=/solr path=/update params={wt=ruby} {deleteByQuery=type:Plan (-1481470042040172544)} 0 16
Oct 9, 2014 6:32:09 PM org.apache.solr.update.processor.LogUpdateProcessor finish
INFO: [development] webapp=/solr path=/update params={wt=ruby} {add=[Plan 19 (1481470042080018432), Plan 20 (1481470042083164160), Plan 21 (1481470042087358464), Plan 23 (1481470042089455616), Plan 24 (1481470042092601344), Plan 25 (1481470042093649920), Plan 26 (1481470042095747072), Plan 27 (1481470042096795648), Plan 28 (1481470042097844224), Plan 29 (1481470042097844225), ... (18 adds)]} 0 23
Oct 9, 2014 6:32:09 PM org.apache.solr.update.DirectUpdateHandler2 commit
INFO: start commit{,optimize=false,openSearcher=true,waitSearcher=true,expungeDeletes=false,softCommit=false,prepareCommit=false}
Oct 9, 2014 6:32:09 PM org.apache.solr.core.SolrDeletionPolicy onCommit
INFO: SolrDeletionPolicy.onCommit: commits:num=2
	commit{dir=NRTCachingDirectory(org.apache.lucene.store.NIOFSDirectory@/Users/juliaclavien/Code/actionplan/solr/development/data/index lockFactory=org.apache.lucene.store.NativeFSLockFactory@d7b79a6; maxCacheMB=48.0 maxMergeSizeMB=4.0),segFN=segments_2,generation=2,filenames=[_0.fnm, _0_Lucene41_0.doc, _0_Lucene41_0.pos, _0.nvd, segments_2, _0.fdx, _0.si, _0.nvm, _0_Lucene41_0.tim, _0.fdt, _0_Lucene41_0.tip]
	commit{dir=NRTCachingDirectory(org.apache.lucene.store.NIOFSDirectory@/Users/juliaclavien/Code/actionplan/solr/development/data/index lockFactory=org.apache.lucene.store.NativeFSLockFactory@d7b79a6; maxCacheMB=48.0 maxMergeSizeMB=4.0),segFN=segments_3,generation=3,filenames=[_1.fdx, _1_Lucene41_0.pos, _1.nvm, _1_Lucene41_0.doc, _1.fdt, _1.si, _1_Lucene41_0.tim, _1.nvd, _1_Lucene41_0.tip, _1.fnm, segments_3]
Oct 9, 2014 6:32:09 PM org.apache.solr.core.SolrDeletionPolicy updateCommits
INFO: newest commit = 3[_1.fdx, _1_Lucene41_0.pos, _1.nvm, _1_Lucene41_0.doc, _1.fdt, _1.si, _1_Lucene41_0.tim, _1.nvd, _1_Lucene41_0.tip, _1.fnm, segments_3]
Oct 9, 2014 6:32:09 PM org.apache.solr.search.SolrIndexSearcher <init>
INFO: Opening Searcher@3685be9 main
Oct 9, 2014 6:32:09 PM org.apache.solr.update.DirectUpdateHandler2 commit
INFO: end_commit_flush
Oct 9, 2014 6:32:09 PM org.apache.solr.core.SolrCore registerSearcher
INFO: [development] Registered new searcher Searcher@3685be9 main{StandardDirectoryReader(segments_3:7:nrt _1(4.2):C18)}
Oct 9, 2014 6:32:09 PM org.apache.solr.update.processor.LogUpdateProcessor finish
INFO: [development] webapp=/solr path=/update params={wt=ruby} {commit=} 0 17
Oct 9, 2014 6:32:09 PM org.apache.solr.update.processor.LogUpdateProcessor finish
INFO: [development] webapp=/solr path=/update params={wt=ruby} {deleteByQuery=type:Step (-1481470042126155776)} 0 1
Oct 9, 2014 6:32:09 PM org.apache.solr.update.processor.LogUpdateProcessor finish
INFO: [development] webapp=/solr path=/update params={wt=ruby} {add=[Step 9 (1481470042140835840), Step 10 (1481470042141884416), Step 11 (1481470042142932992), Step 12 (1481470042142932993), Step 13 (1481470042143981568), Step 14 (1481470042143981569), Step 15 (1481470042145030144), Step 16 (1481470042145030145), Step 17 (1481470042146078720), Step 18 (1481470042146078721), ... (19 adds)]} 0 11
Oct 9, 2014 6:32:09 PM org.apache.solr.update.DirectUpdateHandler2 commit
INFO: start commit{,optimize=false,openSearcher=true,waitSearcher=true,expungeDeletes=false,softCommit=false,prepareCommit=false}
Oct 9, 2014 6:32:09 PM org.apache.solr.core.SolrDeletionPolicy onCommit
INFO: SolrDeletionPolicy.onCommit: commits:num=2
	commit{dir=NRTCachingDirectory(org.apache.lucene.store.NIOFSDirectory@/Users/juliaclavien/Code/actionplan/solr/development/data/index lockFactory=org.apache.lucene.store.NativeFSLockFactory@d7b79a6; maxCacheMB=48.0 maxMergeSizeMB=4.0),segFN=segments_3,generation=3,filenames=[_1.fdx, _1_Lucene41_0.pos, _1.nvm, _1_Lucene41_0.doc, _1.fdt, _1.si, _1_Lucene41_0.tim, _1.nvd, _1_Lucene41_0.tip, _1.fnm, segments_3]
	commit{dir=NRTCachingDirectory(org.apache.lucene.store.NIOFSDirectory@/Users/juliaclavien/Code/actionplan/solr/development/data/index lockFactory=org.apache.lucene.store.NativeFSLockFactory@d7b79a6; maxCacheMB=48.0 maxMergeSizeMB=4.0),segFN=segments_4,generation=4,filenames=[_2_Lucene41_0.pos, _2.si, _1.nvm, _1_Lucene41_0.doc, _2_Lucene41_0.tim, _1_Lucene41_0.tim, _1.nvd, _2.fdt, _1_Lucene41_0.tip, _2_Lucene41_0.doc, _2_Lucene41_0.tip, _2.fdx, _1.fnm, _2.fnm, _1_Lucene41_0.pos, _1.fdx, _2.nvm, _1.fdt, _1.si, _2.nvd, segments_4]
Oct 9, 2014 6:32:09 PM org.apache.solr.core.SolrDeletionPolicy updateCommits
INFO: newest commit = 4[_2_Lucene41_0.pos, _2.si, _1.nvm, _1_Lucene41_0.doc, _2_Lucene41_0.tim, _1_Lucene41_0.tim, _1.nvd, _2.fdt, _1_Lucene41_0.tip, _2_Lucene41_0.doc, _2_Lucene41_0.tip, _2.fdx, _1.fnm, _2.fnm, _1_Lucene41_0.pos, _1.fdx, _2.nvm, _1.fdt, _1.si, _2.nvd, segments_4]
Oct 9, 2014 6:32:09 PM org.apache.solr.search.SolrIndexSearcher <init>
INFO: Opening Searcher@7b9eef79 main
Oct 9, 2014 6:32:09 PM org.apache.solr.update.DirectUpdateHandler2 commit
INFO: end_commit_flush
Oct 9, 2014 6:32:09 PM org.apache.solr.core.SolrCore registerSearcher
INFO: [development] Registered new searcher Searcher@7b9eef79 main{StandardDirectoryReader(segments_4:9:nrt _1(4.2):C18 _2(4.2):C19)}
Oct 9, 2014 6:32:09 PM org.apache.solr.update.processor.LogUpdateProcessor finish
INFO: [development] webapp=/solr path=/update params={wt=ruby} {commit=} 0 10
Oct 9, 2014 6:39:06 PM org.apache.solr.core.SolrCore execute
INFO: [development] webapp=/solr path=/select params={fl=*+score&start=0&q=power&qf=name_text+description_text&wt=ruby&fq=type:Plan&rows=30&defType=edismax} hits=1 status=0 QTime=15 
Oct 9, 2014 6:48:47 PM org.apache.solr.core.SolrCore execute
INFO: [development] webapp=/solr path=/select params={fl=*+score&start=0&q=power&qf=name_text+description_text&wt=ruby&fq=type:Plan&rows=30&defType=edismax} hits=1 status=0 QTime=1 
Oct 9, 2014 6:50:03 PM org.apache.solr.core.SolrCore execute
INFO: [development] webapp=/solr path=/select params={fl=*+score&start=0&q=power&qf=name_text+description_text&wt=ruby&fq=type:Plan&rows=30&defType=edismax} hits=1 status=0 QTime=1 
Oct 9, 2014 6:50:21 PM org.apache.solr.core.SolrCore execute
INFO: [development] webapp=/solr path=/select params={fl=*+score&start=0&q=power&qf=name_text+description_text&wt=ruby&fq=type:Plan&rows=30&defType=edismax} hits=1 status=0 QTime=1 
Oct 9, 2014 6:50:33 PM org.apache.solr.core.SolrCore execute
INFO: [development] webapp=/solr path=/select params={fl=*+score&start=0&q=power&qf=name_text+description_text&wt=ruby&fq=type:Plan&rows=30&defType=edismax} hits=1 status=0 QTime=1 
Oct 9, 2014 6:50:53 PM org.apache.solr.core.SolrCore execute
INFO: [development] webapp=/solr path=/select params={fl=*+score&start=0&q=power&qf=name_text+description_text&wt=ruby&fq=type:Plan&rows=30&defType=edismax} hits=1 status=0 QTime=0 
Oct 9, 2014 6:52:36 PM org.apache.solr.core.SolrCore execute
INFO: [development] webapp=/solr path=/select params={fl=*+score&start=0&q=power&qf=name_text+description_text&wt=ruby&fq=type:Plan&rows=30&defType=edismax} hits=1 status=0 QTime=0 
Oct 9, 2014 6:53:25 PM org.apache.solr.core.SolrCore execute
INFO: [development] webapp=/solr path=/select params={fl=*+score&start=0&q=power&qf=name_text+description_text&wt=ruby&fq=type:Plan&rows=30&defType=edismax} hits=1 status=0 QTime=1 
Oct 9, 2014 6:53:33 PM org.apache.solr.core.SolrCore execute
INFO: [development] webapp=/solr path=/select params={fl=*+score&start=0&q=power&qf=name_text+description_text&wt=ruby&fq=type:Plan&rows=30&defType=edismax} hits=1 status=0 QTime=1 
Oct 9, 2014 6:54:27 PM org.apache.solr.core.SolrCore execute
INFO: [development] webapp=/solr path=/select params={fl=*+score&start=0&q=power&qf=name_text+description_text&wt=ruby&fq=type:Plan&rows=30&defType=edismax} hits=1 status=0 QTime=0 
Oct 9, 2014 6:55:20 PM org.apache.solr.core.SolrCore execute
INFO: [development] webapp=/solr path=/select params={fl=*+score&start=0&q=power&qf=name_text+description_text&wt=ruby&fq=type:Plan&rows=30&defType=edismax} hits=1 status=0 QTime=1 
Oct 9, 2014 7:02:54 PM org.apache.solr.core.SolrCore execute
INFO: [development] webapp=/solr path=/select params={fl=*+score&start=0&q=power&qf=name_text+description_text&wt=ruby&fq=type:Plan&rows=10&defType=edismax} hits=1 status=0 QTime=1 
Oct 9, 2014 7:02:55 PM org.apache.solr.core.SolrCore execute
INFO: [development] webapp=/solr path=/select params={fl=*+score&start=0&q=power&qf=name_text+description_text&wt=ruby&fq=type:Plan&rows=10&defType=edismax} hits=1 status=0 QTime=1 
Oct 9, 2014 7:06:21 PM org.apache.solr.core.SolrCore execute
INFO: [development] webapp=/solr path=/select params={fl=*+score&start=0&q=power&qf=name_text+description_text&wt=ruby&fq=type:Plan&rows=10&defType=edismax} hits=1 status=0 QTime=1 
Oct 9, 2014 7:07:08 PM org.apache.solr.core.SolrCore execute
INFO: [development] webapp=/solr path=/select params={fl=*+score&start=0&q=power&qf=name_text+description_text&wt=ruby&fq=type:Plan&rows=30&defType=edismax} hits=1 status=0 QTime=0 
Oct 9, 2014 7:07:09 PM org.apache.solr.core.SolrCore execute
INFO: [development] webapp=/solr path=/select params={fl=*+score&start=0&q=power&qf=name_text+description_text&wt=ruby&fq=type:Plan&rows=30&defType=edismax} hits=1 status=0 QTime=1 
Oct 9, 2014 7:07:15 PM org.apache.solr.core.SolrCore execute
INFO: [development] webapp=/solr path=/select params={fl=*+score&start=0&q=power&qf=name_text+description_text&wt=ruby&fq=type:Plan&rows=30&defType=edismax} hits=1 status=0 QTime=1 
Oct 9, 2014 7:07:35 PM org.apache.solr.core.SolrCore execute
INFO: [development] webapp=/solr path=/select params={fl=*+score&start=0&q=power&qf=name_text+description_text&wt=ruby&fq=type:Plan&rows=30&defType=edismax} hits=1 status=0 QTime=0 
Oct 9, 2014 7:07:38 PM org.apache.solr.core.SolrCore execute
INFO: [development] webapp=/solr path=/select params={fl=*+score&start=0&q=power&qf=name_text+description_text&wt=ruby&fq=type:Plan&rows=30&defType=edismax} hits=1 status=0 QTime=0 
Oct 9, 2014 7:07:42 PM org.apache.solr.core.SolrCore execute
INFO: [development] webapp=/solr path=/select params={fl=*+score&start=0&q=power&qf=name_text+description_text&wt=ruby&fq=type:Plan&rows=30&defType=edismax} hits=1 status=0 QTime=1 
Oct 9, 2014 7:08:05 PM org.apache.solr.core.SolrCore execute
INFO: [development] webapp=/solr path=/select params={fl=*+score&start=0&q=power&qf=name_text+description_text&wt=ruby&fq=type:Plan&rows=30&defType=edismax} hits=1 status=0 QTime=0 
Oct 9, 2014 7:09:11 PM org.apache.solr.core.SolrCore execute
INFO: [development] webapp=/solr path=/select params={fl=*+score&start=0&q=power&qf=name_text+description_text&wt=ruby&fq=type:Plan&rows=30&defType=edismax} hits=1 status=0 QTime=1 
Oct 9, 2014 7:09:52 PM org.apache.solr.core.SolrCore execute
INFO: [development] webapp=/solr path=/select params={fl=*+score&start=0&q=power&qf=name_text+description_text&wt=ruby&fq=type:Plan&rows=30&defType=edismax} hits=1 status=0 QTime=1 
Oct 9, 2014 7:09:53 PM org.apache.solr.core.SolrCore execute
INFO: [development] webapp=/solr path=/select params={fl=*+score&start=0&q=power&qf=name_text+description_text&wt=ruby&fq=type:Plan&rows=30&defType=edismax} hits=1 status=0 QTime=1 
Oct 9, 2014 7:09:59 PM org.apache.solr.core.SolrCore execute
INFO: [development] webapp=/solr path=/select params={fl=*+score&start=0&q=mind&qf=name_text+description_text&wt=ruby&fq=type:Plan&rows=30&defType=edismax} hits=1 status=0 QTime=2 
Oct 9, 2014 7:10:07 PM org.apache.solr.core.SolrCore execute
INFO: [development] webapp=/solr path=/select params={fl=*+score&start=0&q=food&qf=name_text+description_text&wt=ruby&fq=type:Plan&rows=30&defType=edismax} hits=1 status=0 QTime=1 
Oct 9, 2014 7:10:13 PM org.apache.solr.core.SolrCore execute
INFO: [development] webapp=/solr path=/select params={fl=*+score&start=0&q=s1&qf=name_text+description_text&wt=ruby&fq=type:Plan&rows=30&defType=edismax} hits=0 status=0 QTime=1 
Oct 9, 2014 7:11:03 PM org.apache.solr.core.SolrCore execute
INFO: [development] webapp=/solr path=/select params={fl=*+score&start=0&q=s1&qf=name_text+description_text&wt=ruby&fq=type:Plan&rows=10&defType=edismax} hits=0 status=0 QTime=1 
Oct 9, 2014 7:11:04 PM org.apache.solr.core.SolrCore execute
INFO: [development] webapp=/solr path=/select params={fl=*+score&start=0&q=s1&qf=name_text+description_text&wt=ruby&fq=type:Plan&rows=10&defType=edismax} hits=0 status=0 QTime=1 
Oct 9, 2014 7:11:22 PM org.apache.solr.core.SolrCore execute
INFO: [development] webapp=/solr path=/select params={fl=*+score&start=0&q=s1&qf=name_text+description_text&wt=ruby&fq=type:Plan&rows=10&defType=edismax} hits=0 status=0 QTime=0 
Oct 9, 2014 7:11:24 PM org.apache.solr.core.SolrCore execute
INFO: [development] webapp=/solr path=/select params={fl=*+score&start=0&q=s1&qf=name_text+description_text&wt=ruby&fq=type:Plan&rows=10&defType=edismax} hits=0 status=0 QTime=1 
Oct 9, 2014 7:11:37 PM org.apache.solr.core.SolrCore execute
INFO: [development] webapp=/solr path=/select params={fl=*+score&start=0&q=s1&qf=name_text+description_text&wt=ruby&fq=type:Plan&rows=10&defType=edismax} hits=0 status=0 QTime=1 
Oct 9, 2014 7:12:04 PM org.apache.solr.core.SolrCore execute
INFO: [development] webapp=/solr path=/select params={fl=*+score&start=0&q=s1&qf=name_text+description_text&wt=ruby&fq=type:Plan&rows=10&defType=edismax} hits=0 status=0 QTime=0 
Oct 9, 2014 7:12:18 PM org.apache.solr.core.SolrCore execute
INFO: [development] webapp=/solr path=/select params={fl=*+score&start=0&q=s1&qf=name_text+description_text&wt=ruby&fq=type:Plan&rows=10&defType=edismax} hits=0 status=0 QTime=1 
Oct 9, 2014 7:12:34 PM org.apache.solr.core.SolrCore execute
INFO: [development] webapp=/solr path=/select params={fl=*+score&start=0&q=step&qf=name_text+description_text&wt=ruby&fq=type:Plan&rows=10&defType=edismax} hits=0 status=0 QTime=1 
Oct 9, 2014 7:13:03 PM org.apache.solr.core.SolrCore execute
INFO: [development] webapp=/solr path=/select params={fl=*+score&start=0&q=test&qf=name_text+description_text&wt=ruby&fq=type:Plan&rows=10&defType=edismax} hits=2 status=0 QTime=9 
Oct 9, 2014 7:13:08 PM org.apache.solr.core.SolrCore execute
INFO: [development] webapp=/solr path=/select params={fl=*+score&start=0&q=reflect&qf=name_text+description_text&wt=ruby&fq=type:Plan&rows=10&defType=edismax} hits=0 status=0 QTime=1 
Oct 9, 2014 7:13:13 PM org.apache.solr.core.SolrCore execute
INFO: [development] webapp=/solr path=/select params={fl=*+score&start=0&q=reflect&qf=name_text+description_text&wt=ruby&fq=type:Plan&rows=10&defType=edismax} hits=0 status=0 QTime=1 
Oct 9, 2014 7:17:35 PM org.apache.solr.core.SolrCore execute
INFO: [development] webapp=/solr path=/select params={fl=*+score&start=0&q=power&qf=name_text+description_text&wt=ruby&fq=type:Plan&rows=10&defType=edismax} hits=1 status=0 QTime=1 
Oct 9, 2014 7:33:03 PM org.apache.solr.core.SolrCore execute
INFO: [development] webapp=/solr path=/select params={fl=*+score&start=0&q=step&qf=name_text+description_text&wt=ruby&fq=type:Plan&rows=10&defType=edismax} hits=0 status=0 QTime=1 
Oct 9, 2014 7:33:33 PM org.apache.solr.core.SolrCore execute
INFO: [development] webapp=/solr path=/select params={fl=*+score&start=0&q=step&qf=name_text+description_text&wt=ruby&fq=type:Plan&rows=10&defType=edismax} hits=0 status=0 QTime=1 
Oct 9, 2014 7:33:36 PM org.apache.solr.core.SolrCore execute
INFO: [development] webapp=/solr path=/select params={fl=*+score&start=0&q=power&qf=name_text+description_text&wt=ruby&fq=type:Plan&rows=10&defType=edismax} hits=1 status=0 QTime=1 
Oct 9, 2014 7:34:25 PM org.apache.solr.core.SolrCore execute
INFO: [development] webapp=/solr path=/select params={fl=*+score&start=0&q=power&qf=name_text+description_text&wt=ruby&fq=type:Plan&rows=10&defType=edismax} hits=1 status=0 QTime=0 
Oct 9, 2014 7:35:08 PM org.apache.solr.core.SolrCore execute
INFO: [development] webapp=/solr path=/select params={fl=*+score&start=0&q=food&qf=name_text+description_text&wt=ruby&fq=type:Plan&rows=10&defType=edismax} hits=1 status=0 QTime=1 
Oct 9, 2014 7:35:18 PM org.apache.solr.core.SolrCore execute
INFO: [development] webapp=/solr path=/select params={fl=*+score&start=0&q=the&qf=name_text+description_text&wt=ruby&fq=type:Plan&rows=10&defType=edismax} hits=4 status=0 QTime=1 
Oct 9, 2014 7:37:11 PM org.apache.solr.core.SolrCore execute
INFO: [development] webapp=/solr path=/select params={fl=*+score&start=0&q=power&qf=name_text+description_text&wt=ruby&fq=type:Plan&rows=10&defType=edismax} hits=1 status=0 QTime=0 
Oct 9, 2014 7:37:55 PM org.apache.solr.core.SolrCore execute
INFO: [development] webapp=/solr path=/select params={fl=*+score&start=0&q=the&qf=name_text+description_text&wt=ruby&fq=type:Plan&rows=10&defType=edismax} hits=4 status=0 QTime=0 
Oct 9, 2014 7:38:32 PM org.apache.solr.core.SolrCore execute
INFO: [development] webapp=/solr path=/select params={fl=*+score&start=0&q=the&qf=name_text+description_text&wt=ruby&fq=type:Plan&rows=10&defType=edismax} hits=4 status=0 QTime=0 
Oct 9, 2014 7:38:33 PM org.apache.solr.core.SolrCore execute
INFO: [development] webapp=/solr path=/select params={fl=*+score&start=0&q=the&qf=name_text+description_text&wt=ruby&fq=type:Plan&rows=10&defType=edismax} hits=4 status=0 QTime=1 
Oct 9, 2014 7:43:28 PM org.apache.solr.core.SolrCore execute
INFO: [development] webapp=/solr path=/select params={fl=*+score&start=0&q=power&qf=name_text+description_text&wt=ruby&fq=type:Plan&rows=10&defType=edismax} hits=1 status=0 QTime=1 
Oct 9, 2014 7:44:28 PM org.apache.solr.core.SolrCore execute
INFO: [development] webapp=/solr path=/select params={fl=*+score&start=0&q=power&qf=name_text+description_text&wt=ruby&fq=type:Plan&rows=10&defType=edismax} hits=1 status=0 QTime=0 
Oct 9, 2014 7:45:51 PM org.apache.solr.core.SolrCore execute
INFO: [development] webapp=/solr path=/select params={fl=*+score&start=0&q=test&qf=name_text+description_text&wt=ruby&fq=type:Plan&rows=10&defType=edismax} hits=2 status=0 QTime=1 
Oct 9, 2014 7:51:04 PM org.apache.solr.core.SolrCore execute
INFO: [development] webapp=/solr path=/select params={fl=*+score&start=0&q=power&qf=name_text+description_text&wt=ruby&fq=type:Plan&rows=10&defType=edismax} hits=1 status=0 QTime=1 
Oct 9, 2014 7:55:16 PM org.apache.solr.core.SolrCore execute
INFO: [development] webapp=/solr path=/select params={fl=*+score&start=0&q=the&qf=name_text+description_text&wt=ruby&fq=type:Plan&rows=10&defType=edismax} hits=4 status=0 QTime=0 
Oct 9, 2014 7:55:21 PM org.apache.solr.core.SolrCore execute
INFO: [development] webapp=/solr path=/select params={fl=*+score&start=0&q=food&qf=name_text+description_text&wt=ruby&fq=type:Plan&rows=10&defType=edismax} hits=1 status=0 QTime=1 
Oct 9, 2014 8:08:39 PM org.apache.solr.core.SolrCore execute
INFO: [development] webapp=/solr path=/select params={fl=*+score&start=0&q=power&qf=name_text+description_text&wt=ruby&fq=type:Plan&rows=10&defType=edismax} hits=1 status=0 QTime=1 
Oct 9, 2014 8:08:47 PM org.apache.solr.core.SolrCore execute
INFO: [development] webapp=/solr path=/select params={fl=*+score&start=0&q=test&qf=name_text+description_text&wt=ruby&fq=type:Plan&rows=10&defType=edismax} hits=2 status=0 QTime=0 
Oct 9, 2014 8:09:23 PM org.apache.solr.core.SolrCore execute
INFO: [development] webapp=/solr path=/select params={start=0&q=*:*&wt=ruby&fq=type:Plan&rows=10} hits=18 status=0 QTime=1 
Oct 9, 2014 8:09:31 PM org.apache.solr.core.SolrCore execute
INFO: [development] webapp=/solr path=/select params={fl=*+score&start=0&q=power&qf=name_text+description_text&wt=ruby&fq=type:Plan&rows=10&defType=edismax} hits=1 status=0 QTime=0 
Oct 9, 2014 8:09:35 PM org.apache.solr.core.SolrCore execute
INFO: [development] webapp=/solr path=/select params={fl=*+score&start=0&q=test&qf=name_text+description_text&wt=ruby&fq=type:Plan&rows=10&defType=edismax} hits=2 status=0 QTime=1 
Oct 9, 2014 8:19:19 PM org.apache.solr.core.SolrCore execute
INFO: [development] webapp=/solr path=/select params={fl=*+score&start=0&q=tes&qf=name_text+description_text&wt=ruby&fq=type:Plan&rows=10&defType=edismax} hits=0 status=0 QTime=2 
Oct 9, 2014 8:19:22 PM org.apache.solr.core.SolrCore execute
INFO: [development] webapp=/solr path=/select params={fl=*+score&start=0&q=test&qf=name_text+description_text&wt=ruby&fq=type:Plan&rows=10&defType=edismax} hits=2 status=0 QTime=0 
Oct 9, 2014 8:22:44 PM org.apache.solr.core.SolrCore execute
INFO: [development] webapp=/solr path=/select params={fl=*+score&start=0&q=test&qf=name_text+description_text&wt=ruby&fq=type:Plan&rows=10&defType=edismax} hits=2 status=0 QTime=1 
Oct 9, 2014 8:23:42 PM org.apache.solr.core.SolrCore execute
INFO: [development] webapp=/solr path=/select params={fl=*+score&start=0&q=test&qf=name_text+description_text&wt=ruby&fq=type:Plan&rows=10&defType=edismax} hits=2 status=0 QTime=1 
Oct 9, 2014 8:30:00 PM org.apache.solr.core.SolrCore execute
INFO: [development] webapp=/solr path=/select params={fl=*+score&start=0&q=being&qf=name_text+description_text&wt=ruby&fq=type:Plan&rows=10&defType=edismax} hits=2 status=0 QTime=1 
Oct 9, 2014 8:39:19 PM org.apache.solr.core.SolrCore execute
INFO: [development] webapp=/solr path=/select params={fl=*+score&start=0&q=food&qf=name_text+description_text&wt=ruby&fq=type:Plan&rows=10&defType=edismax} hits=1 status=0 QTime=1 
Oct 9, 2014 8:45:33 PM org.apache.solr.core.SolrCore execute
INFO: [development] webapp=/solr path=/select params={fl=*+score&start=0&q=food&qf=name_text+description_text&wt=ruby&fq=type:Plan&rows=10&defType=edismax} hits=1 status=0 QTime=0 
Oct 9, 2014 8:47:40 PM org.apache.solr.core.SolrCore execute
INFO: [development] webapp=/solr path=/select params={fl=*+score&start=0&q=food&qf=name_text+description_text&wt=ruby&fq=type:Plan&rows=10&defType=edismax} hits=1 status=0 QTime=1 
Oct 9, 2014 8:48:50 PM org.apache.solr.core.SolrCore execute
INFO: [development] webapp=/solr path=/select params={fl=*+score&start=0&q=food&qf=name_text+description_text&wt=ruby&fq=type:Plan&rows=10&defType=edismax} hits=1 status=0 QTime=1 
Oct 9, 2014 8:49:02 PM org.apache.solr.core.SolrCore execute
INFO: [development] webapp=/solr path=/select params={fl=*+score&start=0&q=food&qf=name_text+description_text&wt=ruby&fq=type:Plan&rows=10&defType=edismax} hits=1 status=0 QTime=0 
